#
# A fatal error has been detected by the Java Runtime Environment:
#
#  Internal Error (javaClasses.cpp:139), pid=4614, tid=140122498586368
#  fatal error: Invalid layout of preloaded class
#
# JRE version:  (7.0_65-b32) (build )
# Java VM: OpenJDK 64-Bit Server VM (24.65-b04 mixed mode linux-amd64 compressed oops)
# Derivative: IcedTea 2.5.3
# Distribution: Ubuntu 14.04 LTS, package 7u71-2.5.3-0ubuntu0.14.04.1
# Failed to write core dump. Core dumps have been disabled. To enable core dumping, try "ulimit -c unlimited" before starting Java again
#
# If you would like to submit a bug report, please include
# instructions on how to reproduce the bug and visit:
#   http://icedtea.classpath.org/bugzilla
#

---------------  T H R E A D  ---------------

Current thread (0x00007f70c800a000):  JavaThread "Unknown thread" [_thread_in_vm, id=4616, stack(0x00007f70cfb0d000,0x00007f70cfc0e000)]

Stack: [0x00007f70cfb0d000,0x00007f70cfc0e000],  sp=0x00007f70cfc0c900,  free space=1022k
Native frames: (J=compiled Java code, j=interpreted, Vv=VM code, C=native code)
V  [libjvm.so+0x948b05]  VMError::report_and_die()+0x175
V  [libjvm.so+0x48bba4]  report_fatal(char const*, int, char const*)+0x54
V  [libjvm.so+0x5e8ce0]  compute_offset(int&, klassOopDesc*, Symbol*, Symbol*, bool) [clone .constprop.120]+0xc0
V  [libjvm.so+0x5e8db6]  java_lang_String::compute_offsets()+0x36
V  [libjvm.so+0x8ce6ec]  SystemDictionary::initialize_preloaded_classes(Thread*)+0xcc
V  [libjvm.so+0x919fd8]  Universe::genesis(Thread*)+0x468
V  [libjvm.so+0x91a5e4]  universe2_init()+0x24
V  [libjvm.so+0x59d29a]  init_globals()+0x9a
V  [libjvm.so+0x8fd3bf]  Threads::create_vm(JavaVMInitArgs*, bool*)+0x35f
V  [libjvm.so+0x6085d4]  JNI_CreateJavaVM+0x54
C  [libjli.so+0x2b48]


---------------  P R O C E S S  ---------------

Java Threads: ( => current thread )

Other Threads:

=>0x00007f70c800a000 (exited) JavaThread "Unknown thread" [_thread_in_vm, id=4616, stack(0x00007f70cfb0d000,0x00007f70cfc0e000)]

VM state:not at safepoint (not fully initialized)

VM Mutex/Monitor currently owned by a thread: None

GC Heap History (0 events):
No events

Deoptimization events (0 events):
No events

Internal exceptions (0 events):
No events

Events (10 events):
Event: 0.008 loading class 0x00007f70c43446f0 done
Event: 0.008 loading class 0x00007f70c4344110 done
Event: 0.008 loading class 0x00007f70c43440f0
Event: 0.008 loading class 0x00007f70c434c1c0
Event: 0.008 loading class 0x00007f70c434c1c0 done
Event: 0.008 loading class 0x00007f70c434c1f0
Event: 0.008 loading class 0x00007f70c434c1f0 done
Event: 0.008 loading class 0x00007f70c434c220
Event: 0.008 loading class 0x00007f70c434c220 done
Event: 0.009 loading class 0x00007f70c43440f0 done


Dynamic libraries:
00400000-00401000 r-xp 00000000 08:05 4198363                            /usr/lib/jvm/java-7-openjdk-amd64/jre/bin/java
00600000-00601000 r--p 00000000 08:05 4198363                            /usr/lib/jvm/java-7-openjdk-amd64/jre/bin/java
00601000-00602000 rw-p 00001000 08:05 4198363                            /usr/lib/jvm/java-7-openjdk-amd64/jre/bin/java
02560000-02581000 rw-p 00000000 00:00 0                                  [heap]
779e00000-77b300000 rw-p 00000000 00:00 0 
77b300000-784400000 rw-p 00000000 00:00 0 
784400000-789680000 rw-p 00000000 00:00 0 
789680000-7d6c00000 rw-p 00000000 00:00 0 
7d6c00000-7d9580000 rw-p 00000000 00:00 0 
7d9580000-800000000 rw-p 00000000 00:00 0 
7f709bcf0000-7f70a0000000 rw-p 00000000 00:00 0 
7f70a0000000-7f70a0021000 rw-p 00000000 00:00 0 
7f70a0021000-7f70a4000000 ---p 00000000 00:00 0 
7f70a4000000-7f70a4021000 rw-p 00000000 00:00 0 
7f70a4021000-7f70a8000000 ---p 00000000 00:00 0 
7f70a8000000-7f70a8021000 rw-p 00000000 00:00 0 
7f70a8021000-7f70ac000000 ---p 00000000 00:00 0 
7f70ac000000-7f70ac021000 rw-p 00000000 00:00 0 
7f70ac021000-7f70b0000000 ---p 00000000 00:00 0 
7f70b0000000-7f70b0021000 rw-p 00000000 00:00 0 
7f70b0021000-7f70b4000000 ---p 00000000 00:00 0 
7f70b7e9f000-7f70b8000000 rw-p 00000000 00:00 0 
7f70b8000000-7f70b8021000 rw-p 00000000 00:00 0 
7f70b8021000-7f70bc000000 ---p 00000000 00:00 0 
7f70bc000000-7f70bc021000 rw-p 00000000 00:00 0 
7f70bc021000-7f70c0000000 ---p 00000000 00:00 0 
7f70c0000000-7f70c0021000 rw-p 00000000 00:00 0 
7f70c0021000-7f70c4000000 ---p 00000000 00:00 0 
7f70c40d4000-7f70c41d8000 rw-p 00000000 00:00 0 
7f70c41d8000-7f70c42ce000 r--s 017aa000 08:05 7737022                    /home/bhavesh/Development/adt-bundle-linux-x86_64-20131030/sdk/platforms/android-21/android.jar
7f70c42ce000-7f70c47f8000 rw-p 00000000 00:00 0 
7f70c47f8000-7f70c47f9000 ---p 00000000 00:00 0 
7f70c47f9000-7f70c48f9000 rw-p 00000000 00:00 0                          [stack:4629]
7f70c48f9000-7f70c48fa000 ---p 00000000 00:00 0 
7f70c48fa000-7f70c49fa000 rw-p 00000000 00:00 0                          [stack:4628]
7f70c49fa000-7f70c49fb000 ---p 00000000 00:00 0 
7f70c49fb000-7f70c4afb000 rw-p 00000000 00:00 0                          [stack:4627]
7f70c4afb000-7f70c4afc000 ---p 00000000 00:00 0 
7f70c4afc000-7f70c4bfc000 rw-p 00000000 00:00 0                          [stack:4626]
7f70c4bfc000-7f70c4bfd000 ---p 00000000 00:00 0 
7f70c4bfd000-7f70c4cfd000 rw-p 00000000 00:00 0                          [stack:4625]
7f70c4cfd000-7f70c4cfe000 ---p 00000000 00:00 0 
7f70c4cfe000-7f70c4dfe000 rw-p 00000000 00:00 0                          [stack:4624]
7f70c4dfe000-7f70c4dff000 ---p 00000000 00:00 0 
7f70c4dff000-7f70c4eff000 rw-p 00000000 00:00 0                          [stack:4623]
7f70c4eff000-7f70c4f00000 ---p 00000000 00:00 0 
7f70c4f00000-7f70c5000000 rw-p 00000000 00:00 0                          [stack:4622]
7f70c5000000-7f70c5270000 rwxp 00000000 00:00 0 
7f70c5270000-7f70c805e000 rw-p 00000000 00:00 0 
7f70c805e000-7f70cc000000 ---p 00000000 00:00 0 
7f70cc01d000-7f70cc052000 rw-p 00000000 00:00 0 
7f70cc052000-7f70cc09a000 rw-p 00000000 00:00 0 
7f70cc09a000-7f70cc0c4000 rw-p 00000000 00:00 0 
7f70cc0c4000-7f70cc32e000 rw-p 00000000 00:00 0 
7f70cc32e000-7f70cc339000 rw-p 00000000 00:00 0 
7f70cc339000-7f70cc381000 rw-p 00000000 00:00 0 
7f70cc381000-7f70cc3ab000 rw-p 00000000 00:00 0 
7f70cc3ab000-7f70cc615000 rw-p 00000000 00:00 0 
7f70cc615000-7f70cc62a000 rw-p 00000000 00:00 0 
7f70cc62a000-7f70cc75f000 rw-p 00000000 00:00 0 
7f70cc75f000-7f70cc760000 rw-p 00000000 00:00 0 
7f70cc760000-7f70cc768000 r-xp 00000000 08:05 4194454                    /usr/lib/jvm/java-7-openjdk-amd64/jre/lib/amd64/libzip.so
7f70cc768000-7f70cc967000 ---p 00008000 08:05 4194454                    /usr/lib/jvm/java-7-openjdk-amd64/jre/lib/amd64/libzip.so
7f70cc967000-7f70cc968000 r--p 00007000 08:05 4194454                    /usr/lib/jvm/java-7-openjdk-amd64/jre/lib/amd64/libzip.so
7f70cc968000-7f70cc969000 rw-p 00008000 08:05 4194454                    /usr/lib/jvm/java-7-openjdk-amd64/jre/lib/amd64/libzip.so
7f70cc969000-7f70cc974000 r-xp 00000000 08:05 655541                     /lib/x86_64-linux-gnu/libnss_files-2.19.so
7f70cc974000-7f70ccb73000 ---p 0000b000 08:05 655541                     /lib/x86_64-linux-gnu/libnss_files-2.19.so
7f70ccb73000-7f70ccb74000 r--p 0000a000 08:05 655541                     /lib/x86_64-linux-gnu/libnss_files-2.19.so
7f70ccb74000-7f70ccb75000 rw-p 0000b000 08:05 655541                     /lib/x86_64-linux-gnu/libnss_files-2.19.so
7f70ccb75000-7f70ccb80000 r-xp 00000000 08:05 656673                     /lib/x86_64-linux-gnu/libnss_nis-2.19.so
7f70ccb80000-7f70ccd7f000 ---p 0000b000 08:05 656673                     /lib/x86_64-linux-gnu/libnss_nis-2.19.so
7f70ccd7f000-7f70ccd80000 r--p 0000a000 08:05 656673                     /lib/x86_64-linux-gnu/libnss_nis-2.19.so
7f70ccd80000-7f70ccd81000 rw-p 0000b000 08:05 656673                     /lib/x86_64-linux-gnu/libnss_nis-2.19.so
7f70ccd81000-7f70ccd98000 r-xp 00000000 08:05 655525                     /lib/x86_64-linux-gnu/libnsl-2.19.so
7f70ccd98000-7f70ccf97000 ---p 00017000 08:05 655525                     /lib/x86_64-linux-gnu/libnsl-2.19.so
7f70ccf97000-7f70ccf98000 r--p 00016000 08:05 655525                     /lib/x86_64-linux-gnu/libnsl-2.19.so
7f70ccf98000-7f70ccf99000 rw-p 00017000 08:05 655525                     /lib/x86_64-linux-gnu/libnsl-2.19.so
7f70ccf99000-7f70ccf9b000 rw-p 00000000 00:00 0 
7f70ccf9b000-7f70ccfa4000 r-xp 00000000 08:05 655548                     /lib/x86_64-linux-gnu/libnss_compat-2.19.so
7f70ccfa4000-7f70cd1a3000 ---p 00009000 08:05 655548                     /lib/x86_64-linux-gnu/libnss_compat-2.19.so
7f70cd1a3000-7f70cd1a4000 r--p 00008000 08:05 655548                     /lib/x86_64-linux-gnu/libnss_compat-2.19.so
7f70cd1a4000-7f70cd1a5000 rw-p 00009000 08:05 655548                     /lib/x86_64-linux-gnu/libnss_compat-2.19.so
7f70cd1a5000-7f70cd1d0000 r-xp 00000000 08:05 4198255                    /usr/lib/jvm/java-7-openjdk-amd64/jre/lib/amd64/libjava.so
7f70cd1d0000-7f70cd3cf000 ---p 0002b000 08:05 4198255                    /usr/lib/jvm/java-7-openjdk-amd64/jre/lib/amd64/libjava.so
7f70cd3cf000-7f70cd3d0000 r--p 0002a000 08:05 4198255                    /usr/lib/jvm/java-7-openjdk-amd64/jre/lib/amd64/libjava.so
7f70cd3d0000-7f70cd3d2000 rw-p 0002b000 08:05 4198255                    /usr/lib/jvm/java-7-openjdk-amd64/jre/lib/amd64/libjava.so
7f70cd3d2000-7f70cd3e2000 r-xp 00000000 08:05 4198295                    /usr/lib/jvm/java-7-openjdk-amd64/jre/lib/amd64/libverify.so
7f70cd3e2000-7f70cd5e1000 ---p 00010000 08:05 4198295                    /usr/lib/jvm/java-7-openjdk-amd64/jre/lib/amd64/libverify.so
7f70cd5e1000-7f70cd5e3000 r--p 0000f000 08:05 4198295                    /usr/lib/jvm/java-7-openjdk-amd64/jre/lib/amd64/libverify.so
7f70cd5e3000-7f70cd5e4000 rw-p 00011000 08:05 4198295                    /usr/lib/jvm/java-7-openjdk-amd64/jre/lib/amd64/libverify.so
7f70cd5e4000-7f70cd5eb000 r-xp 00000000 08:05 656679                     /lib/x86_64-linux-gnu/librt-2.19.so
7f70cd5eb000-7f70cd7ea000 ---p 00007000 08:05 656679                     /lib/x86_64-linux-gnu/librt-2.19.so
7f70cd7ea000-7f70cd7eb000 r--p 00006000 08:05 656679                     /lib/x86_64-linux-gnu/librt-2.19.so
7f70cd7eb000-7f70cd7ec000 rw-p 00007000 08:05 656679                     /lib/x86_64-linux-gnu/librt-2.19.so
7f70cd7ec000-7f70cd802000 r-xp 00000000 08:05 655407                     /lib/x86_64-linux-gnu/libgcc_s.so.1
7f70cd802000-7f70cda01000 ---p 00016000 08:05 655407                     /lib/x86_64-linux-gnu/libgcc_s.so.1
7f70cda01000-7f70cda02000 rw-p 00015000 08:05 655407                     /lib/x86_64-linux-gnu/libgcc_s.so.1
7f70cda02000-7f70cdb07000 r-xp 00000000 08:05 655524                     /lib/x86_64-linux-gnu/libm-2.19.so
7f70cdb07000-7f70cdd06000 ---p 00105000 08:05 655524                     /lib/x86_64-linux-gnu/libm-2.19.so
7f70cdd06000-7f70cdd07000 r--p 00104000 08:05 655524                     /lib/x86_64-linux-gnu/libm-2.19.so
7f70cdd07000-7f70cdd08000 rw-p 00105000 08:05 655524                     /lib/x86_64-linux-gnu/libm-2.19.so
7f70cdd08000-7f70cddee000 r-xp 00000000 08:05 4200771                    /usr/lib/x86_64-linux-gnu/libstdc++.so.6.0.19
7f70cddee000-7f70cdfed000 ---p 000e6000 08:05 4200771                    /usr/lib/x86_64-linux-gnu/libstdc++.so.6.0.19
7f70cdfed000-7f70cdff5000 r--p 000e5000 08:05 4200771                    /usr/lib/x86_64-linux-gnu/libstdc++.so.6.0.19
7f70cdff5000-7f70cdff7000 rw-p 000ed000 08:05 4200771                    /usr/lib/x86_64-linux-gnu/libstdc++.so.6.0.19
7f70cdff7000-7f70ce00c000 rw-p 00000000 00:00 0 
7f70ce00c000-7f70ceb22000 r-xp 00000000 08:05 4198306                    /usr/lib/jvm/java-7-openjdk-amd64/jre/lib/amd64/server/libjvm.so
7f70ceb22000-7f70ced21000 ---p 00b16000 08:05 4198306                    /usr/lib/jvm/java-7-openjdk-amd64/jre/lib/amd64/server/libjvm.so
7f70ced21000-7f70cedbb000 r--p 00b15000 08:05 4198306                    /usr/lib/jvm/java-7-openjdk-amd64/jre/lib/amd64/server/libjvm.so
7f70cedbb000-7f70cedde000 rw-p 00baf000 08:05 4198306                    /usr/lib/jvm/java-7-openjdk-amd64/jre/lib/amd64/server/libjvm.so
7f70cedde000-7f70cee0c000 rw-p 00000000 00:00 0 
7f70cee0c000-7f70cee24000 r-xp 00000000 08:05 656388                     /lib/x86_64-linux-gnu/libz.so.1.2.8
7f70cee24000-7f70cf023000 ---p 00018000 08:05 656388                     /lib/x86_64-linux-gnu/libz.so.1.2.8
7f70cf023000-7f70cf024000 r--p 00017000 08:05 656388                     /lib/x86_64-linux-gnu/libz.so.1.2.8
7f70cf024000-7f70cf025000 rw-p 00018000 08:05 656388                     /lib/x86_64-linux-gnu/libz.so.1.2.8
7f70cf025000-7f70cf03e000 r-xp 00000000 08:05 655534                     /lib/x86_64-linux-gnu/libpthread-2.19.so
7f70cf03e000-7f70cf23d000 ---p 00019000 08:05 655534                     /lib/x86_64-linux-gnu/libpthread-2.19.so
7f70cf23d000-7f70cf23e000 r--p 00018000 08:05 655534                     /lib/x86_64-linux-gnu/libpthread-2.19.so
7f70cf23e000-7f70cf23f000 rw-p 00019000 08:05 655534                     /lib/x86_64-linux-gnu/libpthread-2.19.so
7f70cf23f000-7f70cf243000 rw-p 00000000 00:00 0 
7f70cf243000-7f70cf246000 r-xp 00000000 08:05 655543                     /lib/x86_64-linux-gnu/libdl-2.19.so
7f70cf246000-7f70cf445000 ---p 00003000 08:05 655543                     /lib/x86_64-linux-gnu/libdl-2.19.so
7f70cf445000-7f70cf446000 r--p 00002000 08:05 655543                     /lib/x86_64-linux-gnu/libdl-2.19.so
7f70cf446000-7f70cf447000 rw-p 00003000 08:05 655543                     /lib/x86_64-linux-gnu/libdl-2.19.so
7f70cf447000-7f70cf602000 r-xp 00000000 08:05 656675                     /lib/x86_64-linux-gnu/libc-2.19.so
7f70cf602000-7f70cf802000 ---p 001bb000 08:05 656675                     /lib/x86_64-linux-gnu/libc-2.19.so
7f70cf802000-7f70cf806000 r--p 001bb000 08:05 656675                     /lib/x86_64-linux-gnu/libc-2.19.so
7f70cf806000-7f70cf808000 rw-p 001bf000 08:05 656675                     /lib/x86_64-linux-gnu/libc-2.19.so
7f70cf808000-7f70cf80d000 rw-p 00000000 00:00 0 
7f70cf80d000-7f70cf81a000 r-xp 00000000 08:05 4198251                    /usr/lib/jvm/java-7-openjdk-amd64/jre/lib/amd64/jli/libjli.so
7f70cf81a000-7f70cfa19000 ---p 0000d000 08:05 4198251                    /usr/lib/jvm/java-7-openjdk-amd64/jre/lib/amd64/jli/libjli.so
7f70cfa19000-7f70cfa1a000 r--p 0000c000 08:05 4198251                    /usr/lib/jvm/java-7-openjdk-amd64/jre/lib/amd64/jli/libjli.so
7f70cfa1a000-7f70cfa1b000 rw-p 0000d000 08:05 4198251                    /usr/lib/jvm/java-7-openjdk-amd64/jre/lib/amd64/jli/libjli.so
7f70cfa1b000-7f70cfa3e000 r-xp 00000000 08:05 655549                     /lib/x86_64-linux-gnu/ld-2.19.so
7f70cfa4d000-7f70cfa57000 rw-p 00000000 00:00 0 
7f70cfa57000-7f70cfb0d000 rw-p 00000000 00:00 0 
7f70cfb0d000-7f70cfb10000 ---p 00000000 00:00 0 
7f70cfb10000-7f70cfc13000 rw-p 00000000 00:00 0                          [stack:4616]
7f70cfc2d000-7f70cfc2f000 rw-p 00000000 00:00 0 
7f70cfc2f000-7f70cfc37000 rw-s 00000000 08:05 4852027                    /tmp/hsperfdata_bhavesh/4614
7f70cfc37000-7f70cfc38000 rw-p 00000000 00:00 0 
7f70cfc38000-7f70cfc39000 r--p 00000000 00:00 0 
7f70cfc39000-7f70cfc3b000 rw-p 00000000 00:00 0 
7f70cfc3b000-7f70cfc3d000 r-xp 00000000 00:00 0                          [vdso]
7f70cfc3d000-7f70cfc3e000 r--p 00022000 08:05 655549                     /lib/x86_64-linux-gnu/ld-2.19.so
7f70cfc3e000-7f70cfc3f000 rw-p 00023000 08:05 655549                     /lib/x86_64-linux-gnu/ld-2.19.so
7f70cfc3f000-7f70cfc40000 rw-p 00000000 00:00 0 
7fff85bdf000-7fff85c00000 rw-p 00000000 00:00 0                          [stack]
ffffffffff600000-ffffffffff601000 r-xp 00000000 00:00 0                  [vsyscall]

VM Arguments:
jvm_args: -Dfile.encoding=UTF-8 -Xbootclasspath:/home/bhavesh/Development/adt-bundle-linux-x86_64-20131030/sdk/platforms/android-21/android.jar 
java_command: com.mflt.icici.RSA
Launcher Type: SUN_STANDARD

Environment Variables:
PATH=/usr/local/sbin:/usr/local/bin:/usr/sbin:/usr/bin:/sbin:/bin:/usr/games:/usr/local/games:
USERNAME=bhavesh
SHELL=/bin/bash
DISPLAY=:0

Signal Handlers:
SIGSEGV: [libjvm.so+0x9495e0], sa_mask[0]=0x7ffbfeff, sa_flags=0x10000004
SIGBUS: [libjvm.so+0x9495e0], sa_mask[0]=0x7ffbfeff, sa_flags=0x10000004
SIGFPE: [libjvm.so+0x7c3410], sa_mask[0]=0x7ffbfeff, sa_flags=0x10000004
SIGPIPE: [libjvm.so+0x7c3410], sa_mask[0]=0x7ffbfeff, sa_flags=0x10000004
SIGXFSZ: [libjvm.so+0x7c3410], sa_mask[0]=0x7ffbfeff, sa_flags=0x10000004
SIGILL: [libjvm.so+0x7c3410], sa_mask[0]=0x7ffbfeff, sa_flags=0x10000004
SIGUSR1: SIG_DFL, sa_mask[0]=0x00000000, sa_flags=0x00000000
SIGUSR2: [libjvm.so+0x7c32b0], sa_mask[0]=0x00000004, sa_flags=0x10000004
SIGHUP: SIG_DFL, sa_mask[0]=0x00000000, sa_flags=0x00000000
SIGINT: SIG_DFL, sa_mask[0]=0x00000000, sa_flags=0x00000000
SIGTERM: SIG_DFL, sa_mask[0]=0x00000000, sa_flags=0x00000000
SIGQUIT: SIG_DFL, sa_mask[0]=0x00000000, sa_flags=0x00000000
SIGTRAP: SIG_DFL, sa_mask[0]=0x00000000, sa_flags=0x00000000


---------------  S Y S T E M  ---------------

OS:Ubuntu 14.04 (trusty)
uname:Linux 3.13.0-40-generic #69-Ubuntu SMP Thu Nov 13 17:53:56 UTC 2014 x86_64
libc:glibc 2.19 NPTL 2.19 
rlimit: STACK 8192k, CORE 0k, NPROC 62563, NOFILE 4096, AS infinity
load average:0.88 0.60 0.54

/proc/meminfo:
MemTotal:        8107160 kB
MemFree:         4552696 kB
Buffers:          148180 kB
Cached:          1462728 kB
SwapCached:            0 kB
Active:          2053096 kB
Inactive:        1204752 kB
Active(anon):    1649516 kB
Inactive(anon):   569976 kB
Active(file):     403580 kB
Inactive(file):   634776 kB
Unevictable:          20 kB
Mlocked:              20 kB
SwapTotal:       8159228 kB
SwapFree:        8159228 kB
Dirty:               148 kB
Writeback:             0 kB
AnonPages:       1647328 kB
Mapped:           408196 kB
Shmem:            572552 kB
Slab:             150916 kB
SReclaimable:     109012 kB
SUnreclaim:        41904 kB
KernelStack:        5248 kB
PageTables:        43280 kB
NFS_Unstable:          0 kB
Bounce:                0 kB
WritebackTmp:          0 kB
CommitLimit:    12212808 kB
Committed_AS:    6844328 kB
VmallocTotal:   34359738367 kB
VmallocUsed:      607456 kB
VmallocChunk:   34359116548 kB
HardwareCorrupted:     0 kB
AnonHugePages:    825344 kB
HugePages_Total:       0
HugePages_Free:        0
HugePages_Rsvd:        0
HugePages_Surp:        0
Hugepagesize:       2048 kB
DirectMap4k:       80384 kB
DirectMap2M:     2996224 kB
DirectMap1G:     5242880 kB


CPU:total 8 (4 cores per cpu, 2 threads per core) family 6 model 60 stepping 3, cmov, cx8, fxsr, mmx, sse, sse2, sse3, ssse3, sse4.1, sse4.2, popcnt, avx, avx2, aes, erms, ht, tsc, tscinvbit

/proc/cpuinfo:
processor	: 0
vendor_id	: GenuineIntel
cpu family	: 6
model		: 60
model name	: Intel(R) Core(TM) i7-4700MQ CPU @ 2.40GHz
stepping	: 3
microcode	: 0x12
cpu MHz		: 2200.000
cache size	: 6144 KB
physical id	: 0
siblings	: 8
core id		: 0
cpu cores	: 4
apicid		: 0
initial apicid	: 0
fpu		: yes
fpu_exception	: yes
cpuid level	: 13
wp		: yes
flags		: fpu vme de pse tsc msr pae mce cx8 apic sep mtrr pge mca cmov pat pse36 clflush dts acpi mmx fxsr sse sse2 ss ht tm pbe syscall nx pdpe1gb rdtscp lm constant_tsc arch_perfmon pebs bts rep_good nopl xtopology nonstop_tsc aperfmperf eagerfpu pni pclmulqdq dtes64 monitor ds_cpl vmx est tm2 ssse3 fma cx16 xtpr pdcm pcid sse4_1 sse4_2 movbe popcnt tsc_deadline_timer aes xsave avx f16c rdrand lahf_lm abm ida arat epb xsaveopt pln pts dtherm tpr_shadow vnmi flexpriority ept vpid fsgsbase tsc_adjust bmi1 avx2 smep bmi2 erms invpcid
bogomips	: 4788.84
clflush size	: 64
cache_alignment	: 64
address sizes	: 39 bits physical, 48 bits virtual
power management:

processor	: 1
vendor_id	: GenuineIntel
cpu family	: 6
model		: 60
model name	: Intel(R) Core(TM) i7-4700MQ CPU @ 2.40GHz
stepping	: 3
microcode	: 0x12
cpu MHz		: 800.000
cache size	: 6144 KB
physical id	: 0
siblings	: 8
core id		: 0
cpu cores	: 4
apicid		: 1
initial apicid	: 1
fpu		: yes
fpu_exception	: yes
cpuid level	: 13
wp		: yes
flags		: fpu vme de pse tsc msr pae mce cx8 apic sep mtrr pge mca cmov pat pse36 clflush dts acpi mmx fxsr sse sse2 ss ht tm pbe syscall nx pdpe1gb rdtscp lm constant_tsc arch_perfmon pebs bts rep_good nopl xtopology nonstop_tsc aperfmperf eagerfpu pni pclmulqdq dtes64 monitor ds_cpl vmx est tm2 ssse3 fma cx16 xtpr pdcm pcid sse4_1 sse4_2 movbe popcnt tsc_deadline_timer aes xsave avx f16c rdrand lahf_lm abm ida arat epb xsaveopt pln pts dtherm tpr_shadow vnmi flexpriority ept vpid fsgsbase tsc_adjust bmi1 avx2 smep bmi2 erms invpcid
bogomips	: 4788.84
clflush size	: 64
cache_alignment	: 64
address sizes	: 39 bits physical, 48 bits virtual
power management:

processor	: 2
vendor_id	: GenuineIntel
cpu family	: 6
model		: 60
model name	: Intel(R) Core(TM) i7-4700MQ CPU @ 2.40GHz
stepping	: 3
microcode	: 0x12
cpu MHz		: 2401.000
cache size	: 6144 KB
physical id	: 0
siblings	: 8
core id		: 1
cpu cores	: 4
apicid		: 2
initial apicid	: 2
fpu		: yes
fpu_exception	: yes
cpuid level	: 13
wp		: yes
flags		: fpu vme de pse tsc msr pae mce cx8 apic sep mtrr pge mca cmov pat pse36 clflush dts acpi mmx fxsr sse sse2 ss ht tm pbe syscall nx pdpe1gb rdtscp lm constant_tsc arch_perfmon pebs bts rep_good nopl xtopology nonstop_tsc aperfmperf eagerfpu pni pclmulqdq dtes64 monitor ds_cpl vmx est tm2 ssse3 fma cx16 xtpr pdcm pcid sse4_1 sse4_2 movbe popcnt tsc_deadline_timer aes xsave avx f16c rdrand lahf_lm abm ida arat epb xsaveopt pln pts dtherm tpr_shadow vnmi flexpriority ept vpid fsgsbase tsc_adjust bmi1 avx2 smep bmi2 erms invpcid
bogomips	: 4788.84
clflush size	: 64
cache_alignment	: 64
address sizes	: 39 bits physical, 48 bits virtual
power management:

processor	: 3
vendor_id	: GenuineIntel
cpu family	: 6
model		: 60
model name	: Intel(R) Core(TM) i7-4700MQ CPU @ 2.40GHz
stepping	: 3
microcode	: 0x12
cpu MHz		: 1800.000
cache size	: 6144 KB
physical id	: 0
siblings	: 8
core id		: 1
cpu cores	: 4
apicid		: 3
initial apicid	: 3
fpu		: yes
fpu_exception	: yes
cpuid level	: 13
wp		: yes
flags		: fpu vme de pse tsc msr pae mce cx8 apic sep mtrr pge mca cmov pat pse36 clflush dts acpi mmx fxsr sse sse2 ss ht tm pbe syscall nx pdpe1gb rdtscp lm constant_tsc arch_perfmon pebs bts rep_good nopl xtopology nonstop_tsc aperfmperf eagerfpu pni pclmulqdq dtes64 monitor ds_cpl vmx est tm2 ssse3 fma cx16 xtpr pdcm pcid sse4_1 sse4_2 movbe popcnt tsc_deadline_timer aes xsave avx f16c rdrand lahf_lm abm ida arat epb xsaveopt pln pts dtherm tpr_shadow vnmi flexpriority ept vpid fsgsbase tsc_adjust bmi1 avx2 smep bmi2 erms invpcid
bogomips	: 4788.84
clflush size	: 64
cache_alignment	: 64
address sizes	: 39 bits physical, 48 bits virtual
power management:

processor	: 4
vendor_id	: GenuineIntel
cpu family	: 6
model		: 60
model name	: Intel(R) Core(TM) i7-4700MQ CPU @ 2.40GHz
stepping	: 3
microcode	: 0x12
cpu MHz		: 2100.000
cache size	: 6144 KB
physical id	: 0
siblings	: 8
core id		: 2
cpu cores	: 4
apicid		: 4
initial apicid	: 4
fpu		: yes
fpu_exception	: yes
cpuid level	: 13
wp		: yes
flags		: fpu vme de pse tsc msr pae mce cx8 apic sep mtrr pge mca cmov pat pse36 clflush dts acpi mmx fxsr sse sse2 ss ht tm pbe syscall nx pdpe1gb rdtscp lm constant_tsc arch_perfmon pebs bts rep_good nopl xtopology nonstop_tsc aperfmperf eagerfpu pni pclmulqdq dtes64 monitor ds_cpl vmx est tm2 ssse3 fma cx16 xtpr pdcm pcid sse4_1 sse4_2 movbe popcnt tsc_deadline_timer aes xsave avx f16c rdrand lahf_lm abm ida arat epb xsaveopt pln pts dtherm tpr_shadow vnmi flexpriority ept vpid fsgsbase tsc_adjust bmi1 avx2 smep bmi2 erms invpcid
bogomips	: 4788.84
clflush size	: 64
cache_alignment	: 64
address sizes	: 39 bits physical, 48 bits virtual
power management:

processor	: 5
vendor_id	: GenuineIntel
cpu family	: 6
model		: 60
model name	: Intel(R) Core(TM) i7-4700MQ CPU @ 2.40GHz
stepping	: 3
microcode	: 0x12
cpu MHz		: 800.000
cache size	: 6144 KB
physical id	: 0
siblings	: 8
core id		: 2
cpu cores	: 4
apicid		: 5
initial apicid	: 5
fpu		: yes
fpu_exception	: yes
cpuid level	: 13
wp		: yes
flags		: fpu vme de pse tsc msr pae mce cx8 apic sep mtrr pge mca cmov pat pse36 clflush dts acpi mmx fxsr sse sse2 ss ht tm pbe syscall nx pdpe1gb rdtscp lm constant_tsc arch_perfmon pebs bts rep_good nopl xtopology nonstop_tsc aperfmperf eagerfpu pni pclmulqdq dtes64 monitor ds_cpl vmx est tm2 ssse3 fma cx16 xtpr pdcm pcid sse4_1 sse4_2 movbe popcnt tsc_deadline_timer aes xsave avx f16c rdrand lahf_lm abm ida arat epb xsaveopt pln pts dtherm tpr_shadow vnmi flexpriority ept vpid fsgsbase tsc_adjust bmi1 avx2 smep bmi2 erms invpcid
bogomips	: 4788.84
clflush size	: 64
cache_alignment	: 64
address sizes	: 39 bits physical, 48 bits virtual
power management:

processor	: 6
vendor_id	: GenuineIntel
cpu family	: 6
model		: 60
model name	: Intel(R) Core(TM) i7-4700MQ CPU @ 2.40GHz
stepping	: 3
microcode	: 0x12
cpu MHz		: 2401.000
cache size	: 6144 KB
physical id	: 0
siblings	: 8
core id		: 3
cpu cores	: 4
apicid		: 6
initial apicid	: 6
fpu		: yes
fpu_exception	: yes
cpuid level	: 13
wp		: yes
flags		: fpu vme de pse tsc msr pae mce cx8 apic sep mtrr pge mca cmov pat pse36 clflush dts acpi mmx fxsr sse sse2 ss ht tm pbe syscall nx pdpe1gb rdtscp lm constant_tsc arch_perfmon pebs bts rep_good nopl xtopology nonstop_tsc aperfmperf eagerfpu pni pclmulqdq dtes64 monitor ds_cpl vmx est tm2 ssse3 fma cx16 xtpr pdcm pcid sse4_1 sse4_2 movbe popcnt tsc_deadline_timer aes xsave avx f16c rdrand lahf_lm abm ida arat epb xsaveopt pln pts dtherm tpr_shadow vnmi flexpriority ept vpid fsgsbase tsc_adjust bmi1 avx2 smep bmi2 erms invpcid
bogomips	: 4788.84
clflush size	: 64
cache_alignment	: 64
address sizes	: 39 bits physical, 48 bits virtual
power management:

processor	: 7
vendor_id	: GenuineIntel
cpu family	: 6
model		: 60
model name	: Intel(R) Core(TM) i7-4700MQ CPU @ 2.40GHz
stepping	: 3
microcode	: 0x12
cpu MHz		: 2401.000
cache size	: 6144 KB
physical id	: 0
siblings	: 8
core id		: 3
cpu cores	: 4
apicid		: 7
initial apicid	: 7
fpu		: yes
fpu_exception	: yes
cpuid level	: 13
wp		: yes
flags		: fpu vme de pse tsc msr pae mce cx8 apic sep mtrr pge mca cmov pat pse36 clflush dts acpi mmx fxsr sse sse2 ss ht tm pbe syscall nx pdpe1gb rdtscp lm constant_tsc arch_perfmon pebs bts rep_good nopl xtopology nonstop_tsc aperfmperf eagerfpu pni pclmulqdq dtes64 monitor ds_cpl vmx est tm2 ssse3 fma cx16 xtpr pdcm pcid sse4_1 sse4_2 movbe popcnt tsc_deadline_timer aes xsave avx f16c rdrand lahf_lm abm ida arat epb xsaveopt pln pts dtherm tpr_shadow vnmi flexpriority ept vpid fsgsbase tsc_adjust bmi1 avx2 smep bmi2 erms invpcid
bogomips	: 4788.84
clflush size	: 64
cache_alignment	: 64
address sizes	: 39 bits physical, 48 bits virtual
power management:



Memory: 4k page, physical 8107160k(4552696k free), swap 8159228k(8159228k free)

vm_info: OpenJDK 64-Bit Server VM (24.65-b04) for linux-amd64 JRE (1.7.0_65-b32), built on Oct 22 2014 04:37:44 by "buildd" with gcc 4.8.2

time: Fri Dec 26 00:08:46 2014
elapsed time: 0 seconds

